android/app/build/intermediates/manifest_merge_blame_file/debug/manifest-merger-blame-debug-report.txt
1<?xml version="1.0" encoding="utf-8"?>
2<manifest xmlns:android="http://schemas.android.com/apk/res/android"
3    package="com.eatery"
4    android:versionCode="1"
5    android:versionName="1.0" >
6
7    <uses-sdk
8        android:minSdkVersion="21"
9        android:targetSdkVersion="30" />
10
11    <uses-permission android:name="android.permission.SYSTEM_ALERT_WINDOW" />
11-->src\main\AndroidManifest.xml:5:3-75
11-->src\main\AndroidManifest.xml:5:20-73
12    <uses-permission android:name="android.permission.INTERNET" />
12-->src\main\AndroidManifest.xml:3:3-64
12-->src\main\AndroidManifest.xml:3:20-62
13    <uses-permission android:name="android.permission.VIBRATE" /> <!-- These require runtime permissions on M -->
13-->src\main\AndroidManifest.xml:6:3-63
13-->src\main\AndroidManifest.xml:6:20-61
14    <uses-permission android:name="android.permission.READ_EXTERNAL_STORAGE" />
14-->src\main\AndroidManifest.xml:8:3-77
14-->src\main\AndroidManifest.xml:8:20-75
15    <uses-permission android:name="android.permission.WRITE_EXTERNAL_STORAGE" />
15-->src\main\AndroidManifest.xml:9:3-78
15-->src\main\AndroidManifest.xml:9:20-76
16    <uses-permission android:name="android.permission.ACCESS_WIFI_STATE" />
16-->[com.facebook.flipper:flipper:0.54.0] AndroidManifest.xml:16:5-76
16-->[com.facebook.flipper:flipper:0.54.0] AndroidManifest.xml:16:22-73
17    <uses-permission android:name="android.permission.ACCESS_NETWORK_STATE" />
17-->[:expo-updates] AndroidManifest.xml:11:5-79
17-->[:expo-updates] AndroidManifest.xml:11:22-76
18
19    <queries>
19-->[:expo-file-system] AndroidManifest.xml:16:5-22:15
20
21        <!-- Query open documents -->
22        <intent>
22-->[:expo-file-system] AndroidManifest.xml:19:9-21:18
23            <action android:name="android.intent.action.OPEN_DOCUMENT_TREE" />
23-->[:expo-file-system] AndroidManifest.xml:20:13-79
23-->[:expo-file-system] AndroidManifest.xml:20:21-76
24        </intent>
25    </queries>
26
27    <application
27-->src\main\AndroidManifest.xml:11:3-36:17
28        android:name="com.eatery.MainApplication"
28-->src\main\AndroidManifest.xml:12:5-36
29        android:allowBackup="false"
29-->src\main\AndroidManifest.xml:16:5-32
30        android:appComponentFactory="androidx.core.app.CoreComponentFactory"
30-->[androidx.core:core:1.3.0] AndroidManifest.xml:24:18-86
31        android:debuggable="true"
32        android:icon="@mipmap/ic_launcher"
32-->src\main\AndroidManifest.xml:14:5-39
33        android:label="@string/app_name"
33-->src\main\AndroidManifest.xml:13:5-37
34        android:roundIcon="@mipmap/ic_launcher_round"
34-->src\main\AndroidManifest.xml:15:5-50
35        android:theme="@style/AppTheme"
35-->src\main\AndroidManifest.xml:17:5-36
36        android:usesCleartextTraffic="true" >
36-->src\main\AndroidManifest.xml:18:5-40
37        <meta-data
37-->src\main\AndroidManifest.xml:20:5-103
38            android:name="expo.modules.updates.EXPO_UPDATE_URL"
38-->src\main\AndroidManifest.xml:20:16-67
39            android:value="YOUR-APP-URL-HERE" />
39-->src\main\AndroidManifest.xml:20:68-101
40        <meta-data
40-->src\main\AndroidManifest.xml:21:5-112
41            android:name="expo.modules.updates.EXPO_SDK_VERSION"
41-->src\main\AndroidManifest.xml:21:16-68
42            android:value="YOUR-APP-SDK-VERSION-HERE" />
42-->src\main\AndroidManifest.xml:21:69-110
43
44        <activity
44-->src\main\AndroidManifest.xml:22:5-34:16
45            android:name="com.eatery.MainActivity"
45-->src\main\AndroidManifest.xml:23:7-35
46            android:configChanges="keyboard|keyboardHidden|orientation|screenSize|uiMode"
46-->src\main\AndroidManifest.xml:25:7-84
47            android:label="@string/app_name"
47-->src\main\AndroidManifest.xml:24:7-39
48            android:launchMode="singleTask"
48-->src\main\AndroidManifest.xml:26:7-38
49            android:theme="@style/Theme.App.SplashScreen"
49-->src\main\AndroidManifest.xml:28:7-52
50            android:windowSoftInputMode="adjustResize" >
50-->src\main\AndroidManifest.xml:27:7-49
51            <intent-filter>
51-->src\main\AndroidManifest.xml:30:7-33:23
52                <action android:name="android.intent.action.MAIN" />
52-->src\main\AndroidManifest.xml:31:9-60
52-->src\main\AndroidManifest.xml:31:17-58
53
54                <category android:name="android.intent.category.LAUNCHER" />
54-->src\main\AndroidManifest.xml:32:9-68
54-->src\main\AndroidManifest.xml:32:19-66
55            </intent-filter>
56        </activity>
57        <activity android:name="com.facebook.react.devsupport.DevSettingsActivity" />
57-->src\main\AndroidManifest.xml:35:5-81
57-->src\main\AndroidManifest.xml:35:15-79
58
59        <meta-data
59-->[:unimodules-react-native-adapter] AndroidManifest.xml:12:9-14:91
60            android:name="org.unimodules.core.AppLoader#react-native-headless"
60-->[:unimodules-react-native-adapter] AndroidManifest.xml:13:13-79
61            android:value="org.unimodules.adapters.react.apploader.RNHeadlessAppLoader" />
61-->[:unimodules-react-native-adapter] AndroidManifest.xml:14:13-88
62
63        <provider
63-->[:expo-file-system] AndroidManifest.xml:25:9-34:20
64            android:name="expo.modules.filesystem.FileSystemFileProvider"
64-->[:expo-file-system] AndroidManifest.xml:26:13-74
65            android:authorities="com.eatery.FileSystemFileProvider"
65-->[:expo-file-system] AndroidManifest.xml:27:13-74
66            android:exported="false"
66-->[:expo-file-system] AndroidManifest.xml:28:13-37
67            android:grantUriPermissions="true" >
67-->[:expo-file-system] AndroidManifest.xml:29:13-47
68            <meta-data
68-->[:expo-file-system] AndroidManifest.xml:31:13-33:70
69                android:name="android.support.FILE_PROVIDER_PATHS"
69-->[:expo-file-system] AndroidManifest.xml:32:17-67
70                android:resource="@xml/file_system_provider_paths" />
70-->[:expo-file-system] AndroidManifest.xml:33:17-67
71        </provider>
72
73        <service
73-->[androidx.room:room-runtime:2.1.0] AndroidManifest.xml:25:9-27:40
74            android:name="androidx.room.MultiInstanceInvalidationService"
74-->[androidx.room:room-runtime:2.1.0] AndroidManifest.xml:26:13-74
75            android:exported="false" />
75-->[androidx.room:room-runtime:2.1.0] AndroidManifest.xml:27:13-37
76    </application>
77
78</manifest>